<?xml version="1.0" encoding="UTF-8"?>
<robot generator="Robot 7.0 (Python 3.11.6 on darwin)" generated="2024-03-03T18:54:01.492830" rpa="false" schemaversion="5">
<suite id="s1" name="Crm" source="/Users/cosmiceye/Documents/Clients/JC/robot-framework/crm/Tests/Crm.robot">
<test id="s1-t1" name="Should be able to add new customer" line="9">
<kw name="Set Selenium Speed" owner="SeleniumLibrary">
<arg>.2s</arg>
<doc>Sets the delay that is waited after each Selenium command.</doc>
<status status="PASS" start="2024-03-03T18:54:01.599499" elapsed="0.000159"/>
</kw>
<kw name="Set Selenium Timeout" owner="SeleniumLibrary">
<arg>10s</arg>
<doc>Sets the timeout that is used by various keywords.</doc>
<status status="PASS" start="2024-03-03T18:54:01.599765" elapsed="0.000082"/>
</kw>
<kw name="Log" owner="BuiltIn">
<msg time="2024-03-03T18:54:01.599982" level="INFO">Starting the test case!</msg>
<arg>Starting the test case!</arg>
<doc>Logs the given message with the given level.</doc>
<status status="PASS" start="2024-03-03T18:54:01.599925" elapsed="0.000080"/>
</kw>
<kw name="Open Browser" owner="SeleniumLibrary">
<msg time="2024-03-03T18:54:01.600158" level="INFO">Opening browser 'chrome' to base url 'https://automationplayground.com/crm/'.</msg>
<arg>https://automationplayground.com/crm/</arg>
<arg>chrome</arg>
<doc>Opens a new browser instance to the optional ``url``.</doc>
<status status="PASS" start="2024-03-03T18:54:01.600091" elapsed="1.520179"/>
</kw>
<kw name="Click Link" owner="SeleniumLibrary">
<msg time="2024-03-03T18:54:03.121987" level="INFO">Clicking link 'id=SignIn'.</msg>
<arg>id=SignIn</arg>
<doc>Clicks a link identified by ``locator``.</doc>
<status status="PASS" start="2024-03-03T18:54:03.121125" elapsed="0.922040"/>
</kw>
<kw name="Page Should Contain" owner="SeleniumLibrary">
<msg time="2024-03-03T18:54:04.471041" level="INFO">Current page contains text 'Login'.</msg>
<arg>Login</arg>
<doc>Verifies that current page contains ``text``.</doc>
<status status="PASS" start="2024-03-03T18:54:04.044147" elapsed="0.427220"/>
</kw>
<kw name="Input Text" owner="SeleniumLibrary">
<msg time="2024-03-03T18:54:04.472687" level="INFO">Typing text 'admin@robotframeworktutorial.com' into text field 'id=email-id'.</msg>
<arg>id=email-id</arg>
<arg>admin@robotframeworktutorial.com</arg>
<doc>Types the given ``text`` into the text field identified by ``locator``.</doc>
<status status="PASS" start="2024-03-03T18:54:04.472095" elapsed="0.737464"/>
</kw>
<kw name="Input Text" owner="SeleniumLibrary">
<msg time="2024-03-03T18:54:05.211100" level="INFO">Typing text 'qwe' into text field 'id=password'.</msg>
<arg>id=password</arg>
<arg>qwe</arg>
<doc>Types the given ``text`` into the text field identified by ``locator``.</doc>
<status status="PASS" start="2024-03-03T18:54:05.210441" elapsed="0.686435"/>
</kw>
<kw name="Click Button" owner="SeleniumLibrary">
<msg time="2024-03-03T18:54:05.898554" level="INFO">Clicking button 'id=submit-id'.</msg>
<arg>id=submit-id</arg>
<doc>Clicks the button identified by ``locator``.</doc>
<status status="PASS" start="2024-03-03T18:54:05.897821" elapsed="1.254197"/>
</kw>
<kw name="Wait Until Page Contains" owner="SeleniumLibrary">
<arg>Our Happy Customers</arg>
<doc>Waits until ``text`` appears on the current page.</doc>
<status status="PASS" start="2024-03-03T18:54:07.152373" elapsed="0.307835"/>
</kw>
<kw name="Click Link" owner="SeleniumLibrary">
<msg time="2024-03-03T18:54:07.461897" level="INFO">Clicking link 'link=New Customer'.</msg>
<arg>link=New Customer</arg>
<doc>Clicks a link identified by ``locator``.</doc>
<status status="PASS" start="2024-03-03T18:54:07.461160" elapsed="1.032380"/>
</kw>
<kw name="Input Text" owner="SeleniumLibrary">
<msg time="2024-03-03T18:54:08.495023" level="INFO">Typing text 'hg@gmail.com' into text field 'id=EmailAddress'.</msg>
<arg>id=EmailAddress</arg>
<arg>hg@gmail.com</arg>
<doc>Types the given ``text`` into the text field identified by ``locator``.</doc>
<status status="PASS" start="2024-03-03T18:54:08.494336" elapsed="0.682668"/>
</kw>
<kw name="Input Text" owner="SeleniumLibrary">
<msg time="2024-03-03T18:54:09.177488" level="INFO">Typing text 'H' into text field 'id=FirstName'.</msg>
<arg>id=FirstName</arg>
<arg>H</arg>
<doc>Types the given ``text`` into the text field identified by ``locator``.</doc>
<status status="PASS" start="2024-03-03T18:54:09.177284" elapsed="0.675701"/>
</kw>
<kw name="Input Text" owner="SeleniumLibrary">
<msg time="2024-03-03T18:54:09.853629" level="INFO">Typing text 'G' into text field 'id=LastName'.</msg>
<arg>id=LastName</arg>
<arg>G</arg>
<doc>Types the given ``text`` into the text field identified by ``locator``.</doc>
<status status="PASS" start="2024-03-03T18:54:09.853349" elapsed="0.680159"/>
</kw>
<kw name="Input Text" owner="SeleniumLibrary">
<msg time="2024-03-03T18:54:10.534954" level="INFO">Typing text 'ATP' into text field 'id=City'.</msg>
<arg>id=City</arg>
<arg>ATP</arg>
<doc>Types the given ``text`` into the text field identified by ``locator``.</doc>
<status status="PASS" start="2024-03-03T18:54:10.534330" elapsed="0.668053"/>
</kw>
<kw name="Select From List By Value" owner="SeleniumLibrary">
<msg time="2024-03-03T18:54:11.203963" level="INFO">Selecting options from selection list 'id=StateOrRegion' by value AK.</msg>
<arg>id=StateOrRegion</arg>
<arg>AK</arg>
<doc>Selects options from selection list ``locator`` by ``values``.</doc>
<status status="PASS" start="2024-03-03T18:54:11.203226" elapsed="1.698490"/>
</kw>
<kw name="Select Radio Button" owner="SeleniumLibrary">
<msg time="2024-03-03T18:54:12.902469" level="INFO">Selecting 'male' from radio button 'gender'.</msg>
<arg>gender</arg>
<arg>male</arg>
<doc>Sets the radio button group ``group_name`` to ``value``.</doc>
<status status="PASS" start="2024-03-03T18:54:12.902204" elapsed="0.656287"/>
</kw>
<kw name="Click Button" owner="SeleniumLibrary">
<msg time="2024-03-03T18:54:13.559907" level="INFO">Clicking button 'Submit'.</msg>
<arg>Submit</arg>
<doc>Clicks the button identified by ``locator``.</doc>
<status status="PASS" start="2024-03-03T18:54:13.559337" elapsed="1.090350"/>
</kw>
<kw name="Wait Until Page Contains" owner="SeleniumLibrary">
<arg>Success! New customer added.</arg>
<doc>Waits until ``text`` appears on the current page.</doc>
<status status="PASS" start="2024-03-03T18:54:14.650480" elapsed="0.219082"/>
</kw>
<kw name="Sleep" owner="BuiltIn">
<msg time="2024-03-03T18:54:17.873426" level="INFO">Slept 3 seconds.</msg>
<arg>3s</arg>
<doc>Pauses the test executed for the given time.</doc>
<status status="PASS" start="2024-03-03T18:54:14.870240" elapsed="3.003540"/>
</kw>
<kw name="Close Browser" owner="SeleniumLibrary">
<doc>Closes the current browser.</doc>
<status status="PASS" start="2024-03-03T18:54:17.874560" elapsed="0.270514"/>
</kw>
<doc>This is some basic info about the test</doc>
<tag>1006</tag>
<tag>Contacts</tag>
<tag>Smoke</tag>
<status status="PASS" start="2024-03-03T18:54:01.599008" elapsed="16.546289"/>
</test>
<doc>This is some basic info about the whole suite</doc>
<status status="PASS" start="2024-03-03T18:54:01.494106" elapsed="16.651531"/>
</suite>
<statistics>
<total>
<stat pass="1" fail="0" skip="0">All Tests</stat>
</total>
<tag>
<stat pass="1" fail="0" skip="0">1006</stat>
<stat pass="1" fail="0" skip="0">Contacts</stat>
<stat pass="1" fail="0" skip="0">Smoke</stat>
</tag>
<suite>
<stat pass="1" fail="0" skip="0" id="s1" name="Crm">Crm</stat>
</suite>
</statistics>
<errors>
</errors>
</robot>
